-------------------------------------------------------------------------------
Test set: com.parkit.parkingsystem.ParkingServiceTest
-------------------------------------------------------------------------------
Tests run: 3, Failures: 1, Errors: 0, Skipped: 0, Time elapsed: 2.783 s <<< FAILURE! - in com.parkit.parkingsystem.ParkingServiceTest
processIncomingRegularVehicleTest  Time elapsed: 2.767 s  <<< FAILURE!
org.mockito.exceptions.verification.WantedButNotInvoked: 

Wanted but not invoked:
ticketDAO.getTicket(<any string>);
-> at com.parkit.parkingsystem.ParkingServiceTest.processIncomingRegularVehicleTest(ParkingServiceTest.java:76)
Actually, there were zero interactions with this mock.

	at com.parkit.parkingsystem.ParkingServiceTest.processIncomingRegularVehicleTest(ParkingServiceTest.java:76)

