-------------------------------------------------------------------------------
Test set: com.parkit.parkingsystem.ParkingServiceTest
-------------------------------------------------------------------------------
Tests run: 3, Failures: 2, Errors: 0, Skipped: 0, Time elapsed: 7.095 s <<< FAILURE! - in com.parkit.parkingsystem.ParkingServiceTest
processIncomingRegularVehicleTest  Time elapsed: 6.984 s  <<< FAILURE!
org.mockito.exceptions.verification.WantedButNotInvoked: 

Wanted but not invoked:
ticketDAO.getTicket(<any string>);
-> at com.parkit.parkingsystem.ParkingServiceTest.processIncomingRegularVehicleTest(ParkingServiceTest.java:76)
Actually, there were zero interactions with this mock.

	at com.parkit.parkingsystem.ParkingServiceTest.processIncomingRegularVehicleTest(ParkingServiceTest.java:76)

processExitingRegularVehicleTest  Time elapsed: 0.046 s  <<< FAILURE!
org.opentest4j.AssertionFailedError: expected: <0.7125> but was: <0.0>
	at com.parkit.parkingsystem.ParkingServiceTest.processExitingRegularVehicleTest(ParkingServiceTest.java:98)

